<?xml version="1.0" encoding="UTF-8"?>
<!-- Generated by org.testng.reporters.JUnitXMLReporter -->
<testsuite ignored="0" hostname="lappy" failures="0" tests="3" name="Default test" time="20.783" errors="0" timestamp="2024-02-17T18:30:26 IST">
  <testcase classname="www.lavatech.com.TestClass" name="logIn" time="3.489"/>
  <testcase classname="www.lavatech.com.TestClass" name="addCart" time="6.238"/>
  <testcase classname="www.lavatech.com.TestClass" name="placeOrder" time="9.855"/>
</testsuite> <!-- Default test -->
